
Start time     : 2018-03-28T14:09:37
Program name   : esorex
Severity level : [ INFO  ] 

14:09:37 [ INFO  ] : [tid=000] This is EsoRex, version 3.12.3
14:09:37 [ INFO  ] : [tid=000] using the libraries: CPL = 7.0, CFITSIO = 3.36, WCSLIB = 4.24, FFTW (normal precision) = 3.3.4-sse2, FFTW (single precision) = 3.3.4-sse2, OPENMP = 201307
14:09:37 [ INFO  ] : [tid=000] Invocation command line was: esorex kmo_shift --ifu=0 --shifts=0.732930229328,0.935726924391 --extrapolate=FALSE /disk2/turner/disk2/turner/DATA/KLP/KMOS_3D_DATA/GS/K/P6/p6_comb/COMBINE_SCI_RECONSTRUCTED_GS4_44133.fits
14:09:37 [ INFO  ] : [tid=000] --- Parameter setup for kmo_shift ---------
14:09:37 [ INFO  ] kmo_dfs_print_parameter_help: [tid=000] imethod: BCS (Method to use for interpolation.
["BCS" (bicubic spline, default), "NN" (nearest neighbor)])
14:09:37 [ INFO  ] kmo_dfs_print_parameter_help: [tid=000] extrapolate: 0 (Applies only to 'method=BCS' when doing sub-pixel shifts: FALSE: shifted IFU will be filled with NaN's at the borders,TRUE: shifted IFU will be extrapolated at the borders)
14:09:37 [ INFO  ] kmo_dfs_print_parameter_help: [tid=000] shifts: 0.732930229328,0.935726924391 (The shifts for each spatial dimension for all specified IFUs."x1,y1;x2,y2;..." (arcsec))
14:09:37 [ INFO  ] kmo_dfs_print_parameter_help: [tid=000] ifu: 0 (The IFU to shift [1 to 24] or shift all IFUs Default value of 0 applies shift to all IFUs.)
14:09:37 [ INFO  ] kmo_dfs_print_parameter_help: [tid=000] flux: 0 (Apply flux conservation: (TRUE (apply) or FALSE (don't apply))
14:09:37 [ INFO  ] kmo_dfs_print_parameter_help: [tid=000] wcs-only: 0 (FALSE: if data and wcs should be updated.TRUE: if only wcs should be corrected)
14:09:37 [ INFO  ] : [tid=000] -------------------------------------------
14:09:37 [ INFO  ] cpl_dfs_product_save: [tid=000] Writing FITS propertylist product(SHIFT): SHIFT.fits
14:09:47 [ INFO  ] kmo_priv_shift: [tid=000] Applied subpixel shift to IFU 1
14:09:47 [ INFO  ] kmo_priv_shift: [tid=000] Applied pixel shift to IFU 1
14:09:47 [ INFO  ] : [tid=000] Calculating product checksums
14:09:47 [ INFO  ] : [tid=000] Created product SHIFT.fits (in place)
14:09:47 [ INFO  ] : [tid=000] 1 product created
14:09:47 [ INFO  ] : [tid=000] Recipe operation(s) took           10.4 seconds to complete.
14:09:47 [ INFO  ] : [tid=000] Size of single raw input frame  =    21.40 MB

14:09:47 [ INFO  ] : [tid=000] => processing rate of     2.07 MB/sec 

